<?xml version="1.0" encoding="UTF-8"?>
<robot generator="Robot 6.0.2 (Python 3.11.1 on win32)" generated="20230326 14:05:39.241" rpa="false" schemaversion="3">
<suite id="s1" name="Website-Automation" source="C:\Users\suyesh.kamble_applie\PycharmProjects\pythonProject2\website-automation.robot">
<test id="s1-t1" name="Website automation" line="23">
<kw name="Open Browser" library="SeleniumLibrary">
<arg>${URL}</arg>
<arg>${BROWSER}</arg>
<doc>Opens a new browser instance to the optional ``url``.</doc>
<msg timestamp="20230326 14:05:39.558" level="INFO">Opening browser 'Chrome' to base url 'https://dineshvelhal.github.io/testautomation-playground/login.html'.</msg>
<status status="PASS" starttime="20230326 14:05:39.557" endtime="20230326 14:05:43.359"/>
</kw>
<kw name="Maximize Browser Window" library="SeleniumLibrary">
<doc>Maximizes current browser window.</doc>
<status status="PASS" starttime="20230326 14:05:43.359" endtime="20230326 14:05:43.504"/>
</kw>
<kw name="Input Text" library="SeleniumLibrary">
<arg>id=user</arg>
<arg>${email}</arg>
<doc>Types the given ``text`` into the text field identified by ``locator``.</doc>
<msg timestamp="20230326 14:05:43.506" level="INFO">Typing text 'admin' into text field 'id=user'.</msg>
<status status="PASS" starttime="20230326 14:05:43.504" endtime="20230326 14:05:43.737"/>
</kw>
<kw name="Input Text" library="SeleniumLibrary">
<arg>id=password</arg>
<arg>${pass}</arg>
<doc>Types the given ``text`` into the text field identified by ``locator``.</doc>
<msg timestamp="20230326 14:05:43.738" level="INFO">Typing text 'admin' into text field 'id=password'.</msg>
<status status="PASS" starttime="20230326 14:05:43.738" endtime="20230326 14:05:43.854"/>
</kw>
<kw name="Click Button" library="SeleniumLibrary">
<arg>xpath://button[@id='login']</arg>
<doc>Clicks the button identified by ``locator``.</doc>
<msg timestamp="20230326 14:05:43.856" level="INFO">Clicking button 'xpath://button[@id='login']'.</msg>
<status status="PASS" starttime="20230326 14:05:43.856" endtime="20230326 14:05:44.282"/>
</kw>
<kw name="Wait Until Element Is Visible" library="SeleniumLibrary">
<arg>css:h3</arg>
<doc>Waits until the element ``locator`` is visible.</doc>
<status status="PASS" starttime="20230326 14:05:44.283" endtime="20230326 14:05:44.335"/>
</kw>
<kw name="Click Element" library="SeleniumLibrary">
<arg>id=rad_medium</arg>
<doc>Click the element identified by ``locator``.</doc>
<msg timestamp="20230326 14:05:44.336" level="INFO">Clicking element 'id=rad_medium'.</msg>
<status status="PASS" starttime="20230326 14:05:44.335" endtime="20230326 14:05:44.435"/>
</kw>
<kw name="Select From List By Label" library="SeleniumLibrary">
<arg>id:select_flavor</arg>
<arg>Veggie Delight</arg>
<doc>Selects options from selection list ``locator`` by ``labels``.</doc>
<msg timestamp="20230326 14:05:44.437" level="INFO">Selecting options from selection list 'id:select_flavor' by label Veggie Delight.</msg>
<status status="PASS" starttime="20230326 14:05:44.436" endtime="20230326 14:05:44.628"/>
</kw>
<kw name="Click Element" library="SeleniumLibrary">
<arg>id=rad_buffalo</arg>
<doc>Click the element identified by ``locator``.</doc>
<msg timestamp="20230326 14:05:44.629" level="INFO">Clicking element 'id=rad_buffalo'.</msg>
<status status="PASS" starttime="20230326 14:05:44.628" endtime="20230326 14:05:44.696"/>
</kw>
<kw name="Click Element" library="SeleniumLibrary">
<arg>id=green_olive</arg>
<doc>Click the element identified by ``locator``.</doc>
<msg timestamp="20230326 14:05:44.697" level="INFO">Clicking element 'id=green_olive'.</msg>
<status status="PASS" starttime="20230326 14:05:44.696" endtime="20230326 14:05:44.772"/>
</kw>
<kw name="Sleep" library="BuiltIn">
<arg>10s</arg>
<doc>Pauses the test executed for the given time.</doc>
<msg timestamp="20230326 14:05:54.774" level="INFO">Slept 10 seconds</msg>
<status status="PASS" starttime="20230326 14:05:44.772" endtime="20230326 14:05:54.774"/>
</kw>
<kw name="Click Element" library="SeleniumLibrary">
<arg>id=quantity</arg>
<doc>Click the element identified by ``locator``.</doc>
<msg timestamp="20230326 14:05:54.774" level="INFO">Clicking element 'id=quantity'.</msg>
<status status="PASS" starttime="20230326 14:05:54.774" endtime="20230326 14:05:54.812"/>
</kw>
<kw name="Input Text" library="SeleniumLibrary">
<arg>id=quantity</arg>
<arg>5</arg>
<doc>Types the given ``text`` into the text field identified by ``locator``.</doc>
<msg timestamp="20230326 14:05:54.812" level="INFO">Typing text '5' into text field 'id=quantity'.</msg>
<status status="PASS" starttime="20230326 14:05:54.812" endtime="20230326 14:05:54.875"/>
</kw>
<kw name="Click Element" library="SeleniumLibrary">
<arg>id=submit_button</arg>
<doc>Click the element identified by ``locator``.</doc>
<msg timestamp="20230326 14:05:54.876" level="INFO">Clicking element 'id=submit_button'.</msg>
<status status="PASS" starttime="20230326 14:05:54.876" endtime="20230326 14:05:54.916"/>
</kw>
<kw name="Wait Until Element Is Visible" library="SeleniumLibrary">
<arg>id=added_message</arg>
<doc>Waits until the element ``locator`` is visible.</doc>
<msg timestamp="20230326 14:06:00.370" level="INFO" html="true">&lt;/td&gt;&lt;/tr&gt;&lt;tr&gt;&lt;td colspan="3"&gt;&lt;a href="selenium-screenshot-1.png"&gt;&lt;img src="selenium-screenshot-1.png" width="800px"&gt;&lt;/a&gt;</msg>
<msg timestamp="20230326 14:06:00.370" level="FAIL">Element 'id=added_message' not visible after 5 seconds.</msg>
<status status="FAIL" starttime="20230326 14:05:54.916" endtime="20230326 14:06:00.374"/>
</kw>
<kw name="Element Text Should Be" library="SeleniumLibrary">
<arg>id=added_message</arg>
<arg>Pizza added to the cart!</arg>
<doc>Verifies that element ``locator`` contains exact the text ``expected``.</doc>
<status status="NOT RUN" starttime="20230326 14:06:00.374" endtime="20230326 14:06:00.374"/>
</kw>
<kw name="Sleep" library="BuiltIn">
<arg>10s</arg>
<doc>Pauses the test executed for the given time.</doc>
<status status="NOT RUN" starttime="20230326 14:06:00.374" endtime="20230326 14:06:00.374"/>
</kw>
<status status="FAIL" starttime="20230326 14:05:39.557" endtime="20230326 14:06:00.375">Element 'id=added_message' not visible after 5 seconds.</status>
</test>
<status status="FAIL" starttime="20230326 14:05:39.243" endtime="20230326 14:06:00.375"/>
</suite>
<statistics>
<total>
<stat pass="0" fail="1" skip="0">All Tests</stat>
</total>
<tag>
</tag>
<suite>
<stat pass="0" fail="1" skip="0" id="s1" name="Website-Automation">Website-Automation</stat>
</suite>
</statistics>
<errors>
</errors>
</robot>
